<?xml version="1.0" encoding="UTF-8"?>
<!-- Generated by org.testng.reporters.JUnitXMLReporter -->
<testsuite ignored="0" hostname="DESKTOP-8RSE6MU" failures="0" tests="2" name="Default test" time="0.775" errors="0" timestamp="2021-04-01T12:49:46 IST">
  <testcase classname="base.TestBase" name="@BeforeSuite start" time="-1.617261585703E9">
    <failure type="org.testng.TestNGException" message="
Parameter &amp;apos;browser&amp;apos; is required by BeforeSuite on method start but has not been marked @Optional or defined
in C:\Users\sagar\AppData\Local\Temp\testng-eclipse-1412294543\testng-customsuite.xml">
      <![CDATA[org.testng.TestNGException: 
Parameter 'browser' is required by BeforeSuite on method start but has not been marked @Optional or defined
in C:\Users\sagar\AppData\Local\Temp\testng-eclipse-1412294543\testng-customsuite.xml
at org.testng.internal.Parameters.createParams(Parameters.java:268)
at org.testng.internal.Parameters.createParametersForMethod(Parameters.java:356)
at org.testng.internal.Parameters.createParameters(Parameters.java:700)
at org.testng.internal.Parameters.createConfigurationParameters(Parameters.java:166)
at org.testng.internal.ConfigInvoker.invokeConfigurations(ConfigInvoker.java:301)
at org.testng.SuiteRunner.privateRun(SuiteRunner.java:327)
at org.testng.SuiteRunner.run(SuiteRunner.java:286)
at org.testng.SuiteRunnerWorker.runSuite(SuiteRunnerWorker.java:53)
at org.testng.SuiteRunnerWorker.run(SuiteRunnerWorker.java:96)
at org.testng.TestNG.runSuitesSequentially(TestNG.java:1218)
at org.testng.TestNG.runSuitesLocally(TestNG.java:1140)
at org.testng.TestNG.runSuites(TestNG.java:1069)
at org.testng.TestNG.run(TestNG.java:1037)
at org.testng.remote.AbstractRemoteTestNG.run(AbstractRemoteTestNG.java:115)
at org.testng.remote.RemoteTestNG.initAndRun(RemoteTestNG.java:251)
at org.testng.remote.RemoteTestNG.main(RemoteTestNG.java:77)
]]>
    </failure>
  </testcase> <!-- @BeforeSuite start -->
  <testcase classname="base.TestBase" name="@BeforeTest getdriver" time="-1.617261585724E9">
    <skipped/>
  </testcase> <!-- @BeforeTest getdriver -->
  <testcase classname="base.TestBase" name="@BeforeClass browserSetup" time="-1.617261585745E9">
    <skipped/>
  </testcase> <!-- @BeforeClass browserSetup -->
  <testcase classname="base.TestBase" name="@AfterMethod takescreenshot" time="-1.617261586472E9">
    <skipped/>
  </testcase> <!-- @AfterMethod takescreenshot -->
  <testcase classname="base.TestBase" name="@AfterMethod takescreenshot" time="-1.617261586483E9">
    <skipped/>
  </testcase> <!-- @AfterMethod takescreenshot -->
  <testcase classname="TestPages.TestLogin" name="Valid_And_Invalid_Login" time="0.0">
    <skipped/>
  </testcase> <!-- Valid_And_Invalid_Login -->
  <testcase classname="TestPages.TestLogin" name="Valid_And_Invalid_Login" time="0.0">
    <skipped/>
  </testcase> <!-- Valid_And_Invalid_Login -->
</testsuite> <!-- Default test -->
